// 同步 ID: f26b9602 @ Sun Jun 21 22:33:47 UTC 2026
// 重构日志: 526a9524
// 重构日志: 21dc8a17
// 重构日志: 5e6c9c45
// 重构日志: 06d69002
// 重构日志: d9e2ea7a
// 同步 ID: 33c811b6 @ Thu Jul  2 11:05:54 UTC 2026
// 同步 ID: 5a472f96 @ Thu Jul  2 18:11:01 UTC 2026
// 同步 ID: 82783b39 @ Sat Jul  4 08:17:02 UTC 2026
// 重构日志: e3cb105f
// 重构日志: f0173aa5
// 重构日志: 03a5017b
// 重构日志: 9cd5703d
// 重构日志: e43902ec
// 重构日志: 56429c9b
// 重构日志: 354ca332
// 重构日志: 73402a4c
// 同步 ID: 13eb6e12 @ Sun Jul 12 14:27:44 UTC 2026
// 同步 ID: 5a9fcb8c @ Sun Jul 12 16:51:58 UTC 2026
// 重构日志: accc2103
// 重构日志: c1b4fc1a
// 重构日志: 6f0a92c8
// 同步 ID: f250e262 @ Tue Jul 14 05:06:38 UTC 2026
// 重构日志: fc97a26f
// 同步 ID: 2248a00a @ Tue Jul 14 11:30:20 UTC 2026
// 重构日志: 2b9bcb67
// 重构日志: a38b3cb6
// 重构日志: 0303c4ad
// 重构日志: 7653bbc1
